\BOOKMARK [0][-]{chapter.1}{Introduction}{}% 1
\BOOKMARK [1][-]{section.1.1}{Problem Definition}{chapter.1}% 2
\BOOKMARK [1][-]{section.1.2}{Objectives}{chapter.1}% 3
\BOOKMARK [1][-]{section.1.3}{Thesis Structure}{chapter.1}% 4
\BOOKMARK [0][-]{chapter.2}{Theoretical Foundations}{}% 5
\BOOKMARK [1][-]{section.2.1}{Definitions}{chapter.2}% 6
\BOOKMARK [2][-]{subsection.2.1.1}{Queueing Theory}{section.2.1}% 7
\BOOKMARK [2][-]{subsection.2.1.2}{Workflow Processes}{section.2.1}% 8
\BOOKMARK [2][-]{subsection.2.1.3}{Reinforcement Learning}{section.2.1}% 9
\BOOKMARK [2][-]{subsection.2.1.4}{Mixed Integer Linear Optimization}{section.2.1}% 10
\BOOKMARK [2][-]{subsection.2.1.5}{Discrete Event Simulation}{section.2.1}% 11
\BOOKMARK [1][-]{section.2.2}{Literature Overview}{chapter.2}% 12
\BOOKMARK [2][-]{subsection.2.2.1}{Queueing}{section.2.2}% 13
\BOOKMARK [2][-]{subsection.2.2.2}{Workflow}{section.2.2}% 14
\BOOKMARK [2][-]{subsection.2.2.3}{Reinforcement Learning}{section.2.2}% 15
\BOOKMARK [2][-]{subsection.2.2.4}{Optimization}{section.2.2}% 16
\BOOKMARK [2][-]{subsection.2.2.5}{Simulation}{section.2.2}% 17
\BOOKMARK [1][-]{section.2.3}{Research Deficit}{chapter.2}% 18
\BOOKMARK [0][-]{chapter.3}{Methodology}{}% 19
\BOOKMARK [1][-]{section.3.1}{Analysis Structure}{chapter.3}% 20
\BOOKMARK [2][-]{subsection.3.1.1}{Tools}{section.3.1}% 21
\BOOKMARK [2][-]{subsection.3.1.2}{Discrete event simulation using SimPy}{section.3.1}% 22
\BOOKMARK [2][-]{subsection.3.1.3}{Analysis Environment}{section.3.1}% 23
\BOOKMARK [1][-]{section.3.2}{Hypothesis}{chapter.3}% 24
\BOOKMARK [1][-]{section.3.3}{Data}{chapter.3}% 25
\BOOKMARK [0][-]{chapter.4}{Empirical Analysis}{}% 26
\BOOKMARK [1][-]{section.4.1}{Results}{chapter.4}% 27
\BOOKMARK [1][-]{section.4.2}{Discussion}{chapter.4}% 28
\BOOKMARK [1][-]{section.4.3}{Research Contribution}{chapter.4}% 29
\BOOKMARK [0][-]{chapter.5}{Conclusion}{}% 30
\BOOKMARK [1][-]{section.5.1}{Summary}{chapter.5}% 31
\BOOKMARK [1][-]{section.5.2}{Resulting Conclusions}{chapter.5}% 32
\BOOKMARK [1][-]{section.5.3}{Outlook}{chapter.5}% 33
\BOOKMARK [0][-]{appendix.A}{test}{}% 34
\BOOKMARK [0][-]{appendix.B}{test2}{}% 35
